android/app/build/intermediates/manifest_merge_blame_file/debug/manifest-merger-blame-debug-report.txt
1<?xml version="1.0" encoding="utf-8"?>
2<manifest xmlns:android="http://schemas.android.com/apk/res/android"
3    package="com.EventsApp"
4    android:versionCode="1"
5    android:versionName="1.0" >
6
7    <uses-sdk
8        android:minSdkVersion="21"
9        android:targetSdkVersion="33" />
10
11    <uses-permission android:name="android.permission.SYSTEM_ALERT_WINDOW" />
11-->src/debug/AndroidManifest.xml:5:5-77
11-->src/debug/AndroidManifest.xml:5:22-75
12    <uses-permission android:name="android.permission.INTERNET" />
12-->src/main/AndroidManifest.xml:3:5-67
12-->src/main/AndroidManifest.xml:3:22-64
13    <uses-permission android:name="android.permission.FOREGROUND_SERVICE" />
13-->src/main/AndroidManifest.xml:4:5-76
13-->src/main/AndroidManifest.xml:4:22-74
14    <uses-permission android:name="android.permission.WAKE_LOCK" />
14-->src/main/AndroidManifest.xml:5:5-67
14-->src/main/AndroidManifest.xml:5:22-65
15    <uses-permission android:name="android.permission.ACCESS_FINE_LOCATION" />
15-->src/main/AndroidManifest.xml:6:5-79
15-->src/main/AndroidManifest.xml:6:22-76
16    <uses-permission android:name="android.permission.READ_EXTERNAL_STORAGE" />
16-->src/main/AndroidManifest.xml:7:5-79
16-->src/main/AndroidManifest.xml:7:22-77
17    <uses-permission android:name="android.permission.READ_MEDIA_IMAGES" />
17-->src/main/AndroidManifest.xml:8:5-75
17-->src/main/AndroidManifest.xml:8:22-73
18    <uses-permission android:name="android.permission.WRITE_EXTERNAL_STORAGE" />
18-->src/main/AndroidManifest.xml:9:5-80
18-->src/main/AndroidManifest.xml:9:22-78
19    <uses-permission android:name="android.permission.ACCESS_FINE_LOCATION" />
19-->src/main/AndroidManifest.xml:6:5-79
19-->src/main/AndroidManifest.xml:6:22-76
20    <uses-permission android:name="android.permission.ACCESS_BACKGROUND_LOCATION" />
20-->src/main/AndroidManifest.xml:11:5-85
20-->src/main/AndroidManifest.xml:11:22-82
21    <uses-permission android:name="android.permission.ACCESS_COARSE_LOCATION" />
21-->src/main/AndroidManifest.xml:12:5-81
21-->src/main/AndroidManifest.xml:12:22-78
22    <uses-permission android:name="android.permission.ACCESS_WIFI_STATE" />
22-->[com.facebook.flipper:flipper:0.125.0] AndroidManifest.xml:16:5-76
22-->[com.facebook.flipper:flipper:0.125.0] AndroidManifest.xml:16:22-73
23    <uses-permission android:name="android.permission.ACCESS_NETWORK_STATE" />
23-->[com.google.firebase:firebase-messaging:23.2.1] AndroidManifest.xml:22:5-79
23-->[com.google.firebase:firebase-messaging:23.2.1] AndroidManifest.xml:22:22-76
24    <uses-permission android:name="android.permission.POST_NOTIFICATIONS" /> <!-- Required by older versions of Google Play services to create IID tokens -->
24-->[com.google.firebase:firebase-messaging:23.2.1] AndroidManifest.xml:23:5-77
24-->[com.google.firebase:firebase-messaging:23.2.1] AndroidManifest.xml:23:22-74
25    <uses-permission android:name="com.google.android.c2dm.permission.RECEIVE" />
25-->[com.google.firebase:firebase-messaging:23.2.1] AndroidManifest.xml:26:5-82
25-->[com.google.firebase:firebase-messaging:23.2.1] AndroidManifest.xml:26:22-79
26    <uses-permission android:name="com.google.android.gms.permission.AD_ID" />
26-->[com.google.android.gms:play-services-measurement-api:21.3.0] AndroidManifest.xml:25:5-79
26-->[com.google.android.gms:play-services-measurement-api:21.3.0] AndroidManifest.xml:25:22-76
27    <uses-permission android:name="com.google.android.finsky.permission.BIND_GET_INSTALL_REFERRER_SERVICE" /> <!-- 用途：改变WLAN状态的开关（网络定位使用） 涉及模块：融合定位、室内室外定位、地理围栏、众包 -->
27-->[com.google.android.gms:play-services-measurement:21.3.0] AndroidManifest.xml:26:5-110
27-->[com.google.android.gms:play-services-measurement:21.3.0] AndroidManifest.xml:26:22-107
28    <uses-permission android:name="android.permission.CHANGE_WIFI_STATE" />
28-->[com.huawei.hms.LocationLiteSdk:core:2.9.0.300] AndroidManifest.xml:17:5-76
28-->[com.huawei.hms.LocationLiteSdk:core:2.9.0.300] AndroidManifest.xml:17:22-73
29    <uses-permission android:name="android.permission.RECEIVE_BOOT_COMPLETED" />
29-->[com.transistorsoft:tsbackgroundfetch:0.5.7] AndroidManifest.xml:11:5-81
29-->[com.transistorsoft:tsbackgroundfetch:0.5.7] AndroidManifest.xml:11:22-78
30    <uses-permission android:name="android.permission.SCHEDULE_EXACT_ALARM" />
30-->[com.transistorsoft:tsbackgroundfetch:0.5.7] AndroidManifest.xml:13:5-79
30-->[com.transistorsoft:tsbackgroundfetch:0.5.7] AndroidManifest.xml:13:22-76
31    <uses-permission android:name="android.permission.ACTIVITY_RECOGNITION" />
31-->[com.transistorsoft:tslocationmanager:3.4.0] AndroidManifest.xml:8:5-78
31-->[com.transistorsoft:tslocationmanager:3.4.0] AndroidManifest.xml:8:22-76
32    <uses-permission android:name="com.google.android.gms.permission.ACTIVITY_RECOGNITION" />
32-->[com.transistorsoft:tslocationmanager:3.4.0] AndroidManifest.xml:12:5-93
32-->[com.transistorsoft:tslocationmanager:3.4.0] AndroidManifest.xml:12:22-91
33    <uses-permission android:name="com.huawei.hms.permission.ACTIVITY_RECOGNITION" />
33-->[com.transistorsoft:tslocationmanager:3.4.0] AndroidManifest.xml:13:5-85
33-->[com.transistorsoft:tslocationmanager:3.4.0] AndroidManifest.xml:13:22-83
34    <!--
35    This permission overrids Android 12 restriction on starting foreground-serivces in background
36    but the permission is available only to "priveliged" apps (EMERGENCY apps)
37
38    <uses-permission android:name="android.permission.START_FOREGROUND_SERVICES_FROM_BACKGROUND" />
39    -->
40    <!-- device-specific permissions for DeviceSettings methods -->
41    <uses-permission android:name="oppo.permission.OPPO_COMPONENT_SAFE" />
41-->[com.transistorsoft:tslocationmanager:3.4.0] AndroidManifest.xml:24:5-74
41-->[com.transistorsoft:tslocationmanager:3.4.0] AndroidManifest.xml:24:22-72
42    <uses-permission android:name="com.huawei.permission.external_app_settings.USE_COMPONENT" />
42-->[com.transistorsoft:tslocationmanager:3.4.0] AndroidManifest.xml:25:5-96
42-->[com.transistorsoft:tslocationmanager:3.4.0] AndroidManifest.xml:25:22-94
43
44    <uses-feature
44-->[com.transistorsoft:tslocationmanager:3.4.0] AndroidManifest.xml:26:5-90
45        android:name="android.hardware.location.gps"
45-->[com.transistorsoft:tslocationmanager:3.4.0] AndroidManifest.xml:26:19-63
46        android:required="false" /> <!-- for android -->
46-->[com.transistorsoft:tslocationmanager:3.4.0] AndroidManifest.xml:26:64-88
47    <!-- <uses-permission android:name="com.android.launcher.permission.READ_SETTINGS"/> -->
48    <!-- <uses-permission android:name="com.android.launcher.permission.WRITE_SETTINGS"/> -->
49    <!-- <uses-permission android:name="com.android.launcher.permission.INSTALL_SHORTCUT" /> -->
50    <!-- <uses-permission android:name="com.android.launcher.permission.UNINSTALL_SHORTCUT" /> -->
51    <!-- for Samsung -->
52    <uses-permission android:name="com.sec.android.provider.badge.permission.READ" />
52-->[me.leolin:ShortcutBadger:1.1.22] AndroidManifest.xml:19:5-86
52-->[me.leolin:ShortcutBadger:1.1.22] AndroidManifest.xml:19:22-83
53    <uses-permission android:name="com.sec.android.provider.badge.permission.WRITE" /> <!-- for htc -->
53-->[me.leolin:ShortcutBadger:1.1.22] AndroidManifest.xml:20:5-87
53-->[me.leolin:ShortcutBadger:1.1.22] AndroidManifest.xml:20:22-84
54    <uses-permission android:name="com.htc.launcher.permission.READ_SETTINGS" />
54-->[me.leolin:ShortcutBadger:1.1.22] AndroidManifest.xml:23:5-81
54-->[me.leolin:ShortcutBadger:1.1.22] AndroidManifest.xml:23:22-78
55    <uses-permission android:name="com.htc.launcher.permission.UPDATE_SHORTCUT" /> <!-- for sony -->
55-->[me.leolin:ShortcutBadger:1.1.22] AndroidManifest.xml:24:5-83
55-->[me.leolin:ShortcutBadger:1.1.22] AndroidManifest.xml:24:22-80
56    <uses-permission android:name="com.sonyericsson.home.permission.BROADCAST_BADGE" />
56-->[me.leolin:ShortcutBadger:1.1.22] AndroidManifest.xml:27:5-88
56-->[me.leolin:ShortcutBadger:1.1.22] AndroidManifest.xml:27:22-85
57    <uses-permission android:name="com.sonymobile.home.permission.PROVIDER_INSERT_BADGE" /> <!-- for apex -->
57-->[me.leolin:ShortcutBadger:1.1.22] AndroidManifest.xml:28:5-92
57-->[me.leolin:ShortcutBadger:1.1.22] AndroidManifest.xml:28:22-89
58    <uses-permission android:name="com.anddoes.launcher.permission.UPDATE_COUNT" /> <!-- for solid -->
58-->[me.leolin:ShortcutBadger:1.1.22] AndroidManifest.xml:31:5-84
58-->[me.leolin:ShortcutBadger:1.1.22] AndroidManifest.xml:31:22-81
59    <uses-permission android:name="com.majeur.launcher.permission.UPDATE_BADGE" /> <!-- for huawei -->
59-->[me.leolin:ShortcutBadger:1.1.22] AndroidManifest.xml:34:5-83
59-->[me.leolin:ShortcutBadger:1.1.22] AndroidManifest.xml:34:22-80
60    <uses-permission android:name="com.huawei.android.launcher.permission.CHANGE_BADGE" />
60-->[me.leolin:ShortcutBadger:1.1.22] AndroidManifest.xml:37:5-91
60-->[me.leolin:ShortcutBadger:1.1.22] AndroidManifest.xml:37:22-88
61    <uses-permission android:name="com.huawei.android.launcher.permission.READ_SETTINGS" />
61-->[me.leolin:ShortcutBadger:1.1.22] AndroidManifest.xml:38:5-92
61-->[me.leolin:ShortcutBadger:1.1.22] AndroidManifest.xml:38:22-89
62    <uses-permission android:name="com.huawei.android.launcher.permission.WRITE_SETTINGS" /> <!-- for ZUK -->
62-->[me.leolin:ShortcutBadger:1.1.22] AndroidManifest.xml:39:5-93
62-->[me.leolin:ShortcutBadger:1.1.22] AndroidManifest.xml:39:22-90
63    <uses-permission android:name="android.permission.READ_APP_BADGE" /> <!-- for OPPO -->
63-->[me.leolin:ShortcutBadger:1.1.22] AndroidManifest.xml:42:5-73
63-->[me.leolin:ShortcutBadger:1.1.22] AndroidManifest.xml:42:22-70
64    <uses-permission android:name="com.oppo.launcher.permission.READ_SETTINGS" />
64-->[me.leolin:ShortcutBadger:1.1.22] AndroidManifest.xml:45:5-82
64-->[me.leolin:ShortcutBadger:1.1.22] AndroidManifest.xml:45:22-79
65    <uses-permission android:name="com.oppo.launcher.permission.WRITE_SETTINGS" /> <!-- for EvMe -->
65-->[me.leolin:ShortcutBadger:1.1.22] AndroidManifest.xml:46:5-83
65-->[me.leolin:ShortcutBadger:1.1.22] AndroidManifest.xml:46:22-80
66    <uses-permission android:name="me.everything.badger.permission.BADGE_COUNT_READ" />
66-->[me.leolin:ShortcutBadger:1.1.22] AndroidManifest.xml:49:5-88
66-->[me.leolin:ShortcutBadger:1.1.22] AndroidManifest.xml:49:22-85
67    <uses-permission android:name="me.everything.badger.permission.BADGE_COUNT_WRITE" />
67-->[me.leolin:ShortcutBadger:1.1.22] AndroidManifest.xml:50:5-89
67-->[me.leolin:ShortcutBadger:1.1.22] AndroidManifest.xml:50:22-86
68
69    <queries>
69-->[com.huawei.hms:device:6.5.0.300] AndroidManifest.xml:14:5-21:15
70        <intent>
70-->[com.huawei.hms:device:6.5.0.300] AndroidManifest.xml:15:9-17:18
71            <action android:name="com.huawei.hms.core.aidlservice" />
71-->[com.huawei.hms:device:6.5.0.300] AndroidManifest.xml:16:13-70
71-->[com.huawei.hms:device:6.5.0.300] AndroidManifest.xml:16:21-67
72        </intent>
73        <intent>
73-->[com.huawei.hms:device:6.5.0.300] AndroidManifest.xml:18:9-20:18
74            <action android:name="com.huawei.hms.core" />
74-->[com.huawei.hms:device:6.5.0.300] AndroidManifest.xml:19:13-58
74-->[com.huawei.hms:device:6.5.0.300] AndroidManifest.xml:19:21-55
75        </intent>
76    </queries>
77
78    <application
78-->src/main/AndroidManifest.xml:14:5-39:19
79        android:name="com.eventsapp.MainApplication"
79-->src/main/AndroidManifest.xml:15:7-38
80        android:allowBackup="false"
80-->src/main/AndroidManifest.xml:19:7-34
81        android:appComponentFactory="androidx.core.app.CoreComponentFactory"
81-->[androidx.core:core:1.7.0] AndroidManifest.xml:24:18-86
82        android:debuggable="true"
83        android:icon="@mipmap/ic_launcher"
83-->src/main/AndroidManifest.xml:17:7-41
84        android:label="@string/app_name"
84-->src/main/AndroidManifest.xml:16:7-39
85        android:roundIcon="@mipmap/ic_launcher_round"
85-->src/main/AndroidManifest.xml:18:7-52
86        android:theme="@style/AppTheme"
86-->src/main/AndroidManifest.xml:20:7-38
87        android:usesCleartextTraffic="true" >
87-->src/debug/AndroidManifest.xml:8:9-44
88        <activity
88-->src/debug/AndroidManifest.xml:11:9-111
89            android:name="com.facebook.react.devsupport.DevSettingsActivity"
89-->src/debug/AndroidManifest.xml:11:19-83
90            android:exported="false" />
90-->src/debug/AndroidManifest.xml:11:84-108
91
92        <meta-data
92-->src/main/AndroidManifest.xml:21:7-116
93            android:name="com.transistorsoft.locationmanager.license"
93-->src/main/AndroidManifest.xml:21:18-75
94            android:value="YOUR_LICENCE_KEY_HERE" />
94-->src/main/AndroidManifest.xml:21:76-113
95
96        <activity
96-->src/main/AndroidManifest.xml:23:7-34:18
97            android:name="com.eventsapp.MainActivity"
97-->src/main/AndroidManifest.xml:24:9-37
98            android:configChanges="keyboard|keyboardHidden|orientation|screenLayout|screenSize|smallestScreenSize|uiMode"
98-->src/main/AndroidManifest.xml:26:9-118
99            android:exported="true"
99-->src/main/AndroidManifest.xml:29:9-32
100            android:label="@string/app_name"
100-->src/main/AndroidManifest.xml:25:9-41
101            android:launchMode="singleTask"
101-->src/main/AndroidManifest.xml:27:9-40
102            android:windowSoftInputMode="adjustResize" >
102-->src/main/AndroidManifest.xml:28:9-51
103            <intent-filter>
103-->src/main/AndroidManifest.xml:30:9-33:25
104                <action android:name="android.intent.action.MAIN" />
104-->src/main/AndroidManifest.xml:31:13-65
104-->src/main/AndroidManifest.xml:31:21-62
105
106                <category android:name="android.intent.category.LAUNCHER" />
106-->src/main/AndroidManifest.xml:32:13-73
106-->src/main/AndroidManifest.xml:32:23-70
107            </intent-filter>
108        </activity>
109
110        <service android:name="com.asterinet.react.bgactions.RNBackgroundActionsTask" />
110-->src/main/AndroidManifest.xml:35:7-87
110-->src/main/AndroidManifest.xml:35:16-84
111        <service android:name="com.voximplant.foregroundservice.VIForegroundService" >
111-->src/main/AndroidManifest.xml:36:7-95
111-->src/main/AndroidManifest.xml:36:16-83
112        </service> <!-- Disable crashlytics by default so we can custom init with CrashlyticsNdk support -->
113        <meta-data
113-->[:react-native-firebase_crashlytics] AndroidManifest.xml:12:9-14:37
114            android:name="firebase_crashlytics_collection_enabled"
114-->[:react-native-firebase_crashlytics] AndroidManifest.xml:13:13-67
115            android:value="false" />
115-->[:react-native-firebase_crashlytics] AndroidManifest.xml:14:13-34
116
117        <provider
117-->[:react-native-firebase_crashlytics] AndroidManifest.xml:16:9-20:38
118            android:name="io.invertase.firebase.crashlytics.ReactNativeFirebaseCrashlyticsInitProvider"
118-->[:react-native-firebase_crashlytics] AndroidManifest.xml:17:13-104
119            android:authorities="com.EventsApp.reactnativefirebasecrashlyticsinitprovider"
119-->[:react-native-firebase_crashlytics] AndroidManifest.xml:18:13-94
120            android:exported="false"
120-->[:react-native-firebase_crashlytics] AndroidManifest.xml:19:13-37
121            android:initOrder="98" />
121-->[:react-native-firebase_crashlytics] AndroidManifest.xml:20:13-35
122
123        <meta-data
123-->[:react-native-firebase_app] AndroidManifest.xml:11:9-13:36
124            android:name="app_data_collection_default_enabled"
124-->[:react-native-firebase_app] AndroidManifest.xml:12:13-63
125            android:value="true" />
125-->[:react-native-firebase_app] AndroidManifest.xml:13:13-33
126
127        <service
127-->[:react-native-firebase_app] AndroidManifest.xml:15:9-23:19
128            android:name="com.google.firebase.components.ComponentDiscoveryService"
128-->[:react-native-firebase_app] AndroidManifest.xml:16:13-84
129            android:directBootAware="true"
129-->[:react-native-firebase_app] AndroidManifest.xml:17:13-43
130            android:exported="false" >
130-->[:react-native-firebase_app] AndroidManifest.xml:18:13-37
131            <meta-data
131-->[:react-native-firebase_app] AndroidManifest.xml:20:13-22:85
132                android:name="com.google.firebase.components:io.invertase.firebase.app.ReactNativeFirebaseAppRegistrar"
132-->[:react-native-firebase_app] AndroidManifest.xml:21:17-120
133                android:value="com.google.firebase.components.ComponentRegistrar" />
133-->[:react-native-firebase_app] AndroidManifest.xml:22:17-82
134            <meta-data
134-->[com.google.firebase:firebase-crashlytics-ndk:18.4.0] AndroidManifest.xml:34:13-36:85
135                android:name="com.google.firebase.components:com.google.firebase.crashlytics.ndk.CrashlyticsNdkRegistrar"
135-->[com.google.firebase:firebase-crashlytics-ndk:18.4.0] AndroidManifest.xml:35:17-122
136                android:value="com.google.firebase.components.ComponentRegistrar" />
136-->[com.google.firebase:firebase-crashlytics-ndk:18.4.0] AndroidManifest.xml:36:17-82
137            <meta-data
137-->[com.google.firebase:firebase-crashlytics:18.4.0] AndroidManifest.xml:17:13-19:85
138                android:name="com.google.firebase.components:com.google.firebase.crashlytics.CrashlyticsRegistrar"
138-->[com.google.firebase:firebase-crashlytics:18.4.0] AndroidManifest.xml:18:17-115
139                android:value="com.google.firebase.components.ComponentRegistrar" />
139-->[com.google.firebase:firebase-crashlytics:18.4.0] AndroidManifest.xml:19:17-82
140            <meta-data
140-->[com.google.firebase:firebase-messaging:23.2.1] AndroidManifest.xml:53:13-55:85
141                android:name="com.google.firebase.components:com.google.firebase.messaging.FirebaseMessagingRegistrar"
141-->[com.google.firebase:firebase-messaging:23.2.1] AndroidManifest.xml:54:17-119
142                android:value="com.google.firebase.components.ComponentRegistrar" />
142-->[com.google.firebase:firebase-messaging:23.2.1] AndroidManifest.xml:55:17-82
143            <meta-data
143-->[com.google.firebase:firebase-sessions:1.0.0] AndroidManifest.xml:27:13-29:85
144                android:name="com.google.firebase.components:com.google.firebase.sessions.FirebaseSessionsRegistrar"
144-->[com.google.firebase:firebase-sessions:1.0.0] AndroidManifest.xml:28:17-117
145                android:value="com.google.firebase.components.ComponentRegistrar" />
145-->[com.google.firebase:firebase-sessions:1.0.0] AndroidManifest.xml:29:17-82
146            <meta-data
146-->[com.google.firebase:firebase-datatransport:18.1.8] AndroidManifest.xml:27:13-29:85
147                android:name="com.google.firebase.components:com.google.firebase.datatransport.TransportRegistrar"
147-->[com.google.firebase:firebase-datatransport:18.1.8] AndroidManifest.xml:28:17-115
148                android:value="com.google.firebase.components.ComponentRegistrar" />
148-->[com.google.firebase:firebase-datatransport:18.1.8] AndroidManifest.xml:29:17-82
149            <meta-data
149-->[com.google.firebase:firebase-common-ktx:20.3.3] AndroidManifest.xml:14:13-16:85
150                android:name="com.google.firebase.components:com.google.firebase.ktx.FirebaseCommonKtxRegistrar"
150-->[com.google.firebase:firebase-common-ktx:20.3.3] AndroidManifest.xml:15:17-113
151                android:value="com.google.firebase.components.ComponentRegistrar" />
151-->[com.google.firebase:firebase-common-ktx:20.3.3] AndroidManifest.xml:16:17-82
152            <meta-data
152-->[com.google.android.gms:play-services-measurement-api:21.3.0] AndroidManifest.xml:31:13-33:85
153                android:name="com.google.firebase.components:com.google.firebase.analytics.connector.internal.AnalyticsConnectorRegistrar"
153-->[com.google.android.gms:play-services-measurement-api:21.3.0] AndroidManifest.xml:32:17-139
154                android:value="com.google.firebase.components.ComponentRegistrar" />
154-->[com.google.android.gms:play-services-measurement-api:21.3.0] AndroidManifest.xml:33:17-82
155            <meta-data
155-->[com.google.firebase:firebase-installations:17.1.4] AndroidManifest.xml:15:13-17:85
156                android:name="com.google.firebase.components:com.google.firebase.installations.FirebaseInstallationsRegistrar"
156-->[com.google.firebase:firebase-installations:17.1.4] AndroidManifest.xml:16:17-127
157                android:value="com.google.firebase.components.ComponentRegistrar" />
157-->[com.google.firebase:firebase-installations:17.1.4] AndroidManifest.xml:17:17-82
158        </service>
159
160        <provider
160-->[:react-native-firebase_app] AndroidManifest.xml:25:9-29:38
161            android:name="io.invertase.firebase.app.ReactNativeFirebaseAppInitProvider"
161-->[:react-native-firebase_app] AndroidManifest.xml:26:13-88
162            android:authorities="com.EventsApp.reactnativefirebaseappinitprovider"
162-->[:react-native-firebase_app] AndroidManifest.xml:27:13-86
163            android:exported="false"
163-->[:react-native-firebase_app] AndroidManifest.xml:28:13-37
164            android:initOrder="99" />
164-->[:react-native-firebase_app] AndroidManifest.xml:29:13-35
165
166        <receiver
166-->[com.google.firebase:firebase-messaging:23.2.1] AndroidManifest.xml:29:9-36:20
167            android:name="com.google.firebase.iid.FirebaseInstanceIdReceiver"
167-->[com.google.firebase:firebase-messaging:23.2.1] AndroidManifest.xml:30:13-78
168            android:exported="true"
168-->[com.google.firebase:firebase-messaging:23.2.1] AndroidManifest.xml:31:13-36
169            android:permission="com.google.android.c2dm.permission.SEND" >
169-->[com.google.firebase:firebase-messaging:23.2.1] AndroidManifest.xml:32:13-73
170            <intent-filter>
170-->[com.google.firebase:firebase-messaging:23.2.1] AndroidManifest.xml:33:13-35:29
171                <action android:name="com.google.android.c2dm.intent.RECEIVE" />
171-->[com.google.firebase:firebase-messaging:23.2.1] AndroidManifest.xml:34:17-81
171-->[com.google.firebase:firebase-messaging:23.2.1] AndroidManifest.xml:34:25-78
172            </intent-filter>
173        </receiver>
174        <!--
175             FirebaseMessagingService performs security checks at runtime,
176             but set to not exported to explicitly avoid allowing another app to call it.
177        -->
178        <service
178-->[com.google.firebase:firebase-messaging:23.2.1] AndroidManifest.xml:42:9-49:19
179            android:name="com.google.firebase.messaging.FirebaseMessagingService"
179-->[com.google.firebase:firebase-messaging:23.2.1] AndroidManifest.xml:43:13-82
180            android:directBootAware="true"
180-->[com.google.firebase:firebase-messaging:23.2.1] AndroidManifest.xml:44:13-43
181            android:exported="false" >
181-->[com.google.firebase:firebase-messaging:23.2.1] AndroidManifest.xml:45:13-37
182            <intent-filter android:priority="-500" >
182-->[com.google.firebase:firebase-messaging:23.2.1] AndroidManifest.xml:46:13-48:29
182-->[com.google.firebase:firebase-messaging:23.2.1] AndroidManifest.xml:46:28-51
183                <action android:name="com.google.firebase.MESSAGING_EVENT" />
183-->[com.google.firebase:firebase-messaging:23.2.1] AndroidManifest.xml:47:17-78
183-->[com.google.firebase:firebase-messaging:23.2.1] AndroidManifest.xml:47:25-75
184            </intent-filter>
185        </service>
186        <service
186-->[com.google.android.datatransport:transport-backend-cct:3.1.9] AndroidManifest.xml:28:9-34:19
187            android:name="com.google.android.datatransport.runtime.backends.TransportBackendDiscovery"
187-->[com.google.android.datatransport:transport-backend-cct:3.1.9] AndroidManifest.xml:29:13-103
188            android:exported="false" >
188-->[com.google.android.datatransport:transport-backend-cct:3.1.9] AndroidManifest.xml:30:13-37
189            <meta-data
189-->[com.google.android.datatransport:transport-backend-cct:3.1.9] AndroidManifest.xml:31:13-33:39
190                android:name="backend:com.google.android.datatransport.cct.CctBackendFactory"
190-->[com.google.android.datatransport:transport-backend-cct:3.1.9] AndroidManifest.xml:32:17-94
191                android:value="cct" />
191-->[com.google.android.datatransport:transport-backend-cct:3.1.9] AndroidManifest.xml:33:17-36
192        </service>
193        <service
193-->[com.google.android.datatransport:transport-runtime:3.1.9] AndroidManifest.xml:26:9-30:19
194            android:name="com.google.android.datatransport.runtime.scheduling.jobscheduling.JobInfoSchedulerService"
194-->[com.google.android.datatransport:transport-runtime:3.1.9] AndroidManifest.xml:27:13-117
195            android:exported="false"
195-->[com.google.android.datatransport:transport-runtime:3.1.9] AndroidManifest.xml:28:13-37
196            android:permission="android.permission.BIND_JOB_SERVICE" >
196-->[com.google.android.datatransport:transport-runtime:3.1.9] AndroidManifest.xml:29:13-69
197        </service>
198
199        <receiver
199-->[com.google.android.datatransport:transport-runtime:3.1.9] AndroidManifest.xml:32:9-34:40
200            android:name="com.google.android.datatransport.runtime.scheduling.jobscheduling.AlarmManagerSchedulerBroadcastReceiver"
200-->[com.google.android.datatransport:transport-runtime:3.1.9] AndroidManifest.xml:33:13-132
201            android:exported="false" />
201-->[com.google.android.datatransport:transport-runtime:3.1.9] AndroidManifest.xml:34:13-37
202
203        <provider
203-->[com.google.firebase:firebase-common:20.3.3] AndroidManifest.xml:25:9-30:39
204            android:name="com.google.firebase.provider.FirebaseInitProvider"
204-->[com.google.firebase:firebase-common:20.3.3] AndroidManifest.xml:26:13-77
205            android:authorities="com.EventsApp.firebaseinitprovider"
205-->[com.google.firebase:firebase-common:20.3.3] AndroidManifest.xml:27:13-72
206            android:directBootAware="true"
206-->[com.google.firebase:firebase-common:20.3.3] AndroidManifest.xml:28:13-43
207            android:exported="false"
207-->[com.google.firebase:firebase-common:20.3.3] AndroidManifest.xml:29:13-37
208            android:initOrder="100" />
208-->[com.google.firebase:firebase-common:20.3.3] AndroidManifest.xml:30:13-36
209
210        <activity
210-->[io.github.nishkarsh:android-permissions:2.1.6] AndroidManifest.xml:12:9-16:59
211            android:name="com.intentfilter.androidpermissions.PermissionsActivity"
211-->[io.github.nishkarsh:android-permissions:2.1.6] AndroidManifest.xml:13:13-83
212            android:excludeFromRecents="true"
212-->[io.github.nishkarsh:android-permissions:2.1.6] AndroidManifest.xml:14:13-46
213            android:exported="false"
213-->[io.github.nishkarsh:android-permissions:2.1.6] AndroidManifest.xml:15:13-37
214            android:theme="@style/AppTheme.Transparent" />
214-->[io.github.nishkarsh:android-permissions:2.1.6] AndroidManifest.xml:16:13-56
215        <activity
215-->[com.google.android.gms:play-services-auth:20.5.0] AndroidManifest.xml:23:9-27:75
216            android:name="com.google.android.gms.auth.api.signin.internal.SignInHubActivity"
216-->[com.google.android.gms:play-services-auth:20.5.0] AndroidManifest.xml:24:13-93
217            android:excludeFromRecents="true"
217-->[com.google.android.gms:play-services-auth:20.5.0] AndroidManifest.xml:25:13-46
218            android:exported="false"
218-->[com.google.android.gms:play-services-auth:20.5.0] AndroidManifest.xml:26:13-37
219            android:theme="@android:style/Theme.Translucent.NoTitleBar" />
219-->[com.google.android.gms:play-services-auth:20.5.0] AndroidManifest.xml:27:13-72
220        <!--
221            Service handling Google Sign-In user revocation. For apps that do not integrate with
222            Google Sign-In, this service will never be started.
223        -->
224        <service
224-->[com.google.android.gms:play-services-auth:20.5.0] AndroidManifest.xml:33:9-37:51
225            android:name="com.google.android.gms.auth.api.signin.RevocationBoundService"
225-->[com.google.android.gms:play-services-auth:20.5.0] AndroidManifest.xml:34:13-89
226            android:exported="true"
226-->[com.google.android.gms:play-services-auth:20.5.0] AndroidManifest.xml:35:13-36
227            android:permission="com.google.android.gms.auth.api.signin.permission.REVOCATION_NOTIFICATION"
227-->[com.google.android.gms:play-services-auth:20.5.0] AndroidManifest.xml:36:13-107
228            android:visibleToInstantApps="true" />
228-->[com.google.android.gms:play-services-auth:20.5.0] AndroidManifest.xml:37:13-48
229
230        <activity
230-->[com.google.android.gms:play-services-base:18.0.1] AndroidManifest.xml:20:9-22:45
231            android:name="com.google.android.gms.common.api.GoogleApiActivity"
231-->[com.google.android.gms:play-services-base:18.0.1] AndroidManifest.xml:20:19-85
232            android:exported="false"
232-->[com.google.android.gms:play-services-base:18.0.1] AndroidManifest.xml:22:19-43
233            android:theme="@android:style/Theme.Translucent.NoTitleBar" />
233-->[com.google.android.gms:play-services-base:18.0.1] AndroidManifest.xml:21:19-78
234
235        <receiver
235-->[com.google.android.gms:play-services-measurement:21.3.0] AndroidManifest.xml:29:9-33:20
236            android:name="com.google.android.gms.measurement.AppMeasurementReceiver"
236-->[com.google.android.gms:play-services-measurement:21.3.0] AndroidManifest.xml:30:13-85
237            android:enabled="true"
237-->[com.google.android.gms:play-services-measurement:21.3.0] AndroidManifest.xml:31:13-35
238            android:exported="false" >
238-->[com.google.android.gms:play-services-measurement:21.3.0] AndroidManifest.xml:32:13-37
239        </receiver>
240
241        <service
241-->[com.google.android.gms:play-services-measurement:21.3.0] AndroidManifest.xml:35:9-38:40